[
  {
    "level": "INFO",
    "message": "android.ndkVersion from module build.gradle is not set"
  },
  {
    "level": "INFO",
    "message": "ndk.dir in local.properties is C:\\Android\\android-sdk\\ndk-bundle"
  },
  {
    "level": "INFO",
    "message": "ANDROID_NDK_HOME environment variable is not set"
  },
  {
    "level": "INFO",
    "message": "sdkFolder is C:\\Android\\android-sdk"
  },
  {
    "level": "INFO",
    "message": "Considering C:\\Android\\android-sdk\\ndk-bundle by ndk.dir"
  },
  {
    "level": "INFO",
    "message": "Considering C:\\Android\\android-sdk\\ndk-bundle in SDK ndk-bundle folder"
  },
  {
    "level": "INFO",
    "message": "Considering C:\\Android\\android-sdk\\ndk\\21.0.6113669 in SDK ndk folder"
  },
  {
    "level": "INFO",
    "message": "Considering C:\\Android\\android-sdk\\ndk\\21.3.6528147 in SDK ndk folder"
  },
  {
    "level": "INFO",
    "message": "Found requested ndk.dir (C:\\Android\\android-sdk\\ndk-bundle) which has version 21.3.6528147"
  }
]